
ROM used:   564/8192 (7%)
            564/8192 (7%) including unused fragments

            0.3 Average locations per line
            2.4 Average locations per statement

RAM used:   10/368 (3%) at main() level
            25/368 (7%) worst case

Stack used: 0 worst case (0 in main + 0 for interrupts)
Stack size: 8

Lines Stmts  %   Files
----- ----- ---  -----
   51    25  11  lcdyazi.c
  629     0   0  ..\..\..\..\..\..\Program Files (x86)\PICC\Devices\16f877.h
   37     0   0  ..\..\..\..\..\..\Program Files (x86)\PICC\Drivers\stdio.h
  423   125  53  ..\..\..\..\..\..\Program Files (x86)\PICC\Drivers\string.h
   32     0   0  ..\..\..\..\..\..\Program Files (x86)\PICC\Drivers\stddef.h
   28     0   0  ..\..\..\..\..\..\Program Files (x86)\PICC\Drivers\ctype.h
  456    84  36  ..\..\..\..\..\..\Program Files (x86)\PICC\Drivers\lcd.c
----- -----
 1656   234 Total

Page ROM  %  RAM   Vol Diff  Functions:
---- --- --- ---   --- ----  ----------
0     21   4    1             @delay_ms1
0      8   1    0             @const717
 Inline         3   596  5.9  lcd_read_byte
0      6   1    0    59  4.2  lcd_read_nibble
0     12   2    1   179  3.3  lcd_send_nibble
0     64  11    3   460  4.7  lcd_send_byte
0     51   9    2   667  5.9  lcd_init
0     18   3    4   208  6.3  lcd_gotoxy
0     44   8    1   354  4.7  lcd_putc
0    110  20    1   673  5.6  MAIN
0      9   2    0             @const752
0     84  15    5             @PSTRINGCN7_735
0     21   4    3             @DIV88
0     87  15    6             @PRINTF_D_735
0      9   2    0             @const761
0      8   1    0    43  2.1  @const762
0      8   1    0    44  1.9  @const763
 Inline         0   259  6.9  @cinit1

Program metrics:
    Functions               11
    Statements              234
    Comments                390
    Volume (V)              5622
    Difficulty (D)          50.7
    Effort to implement (E) 284827
    Time to implement (T)   4 hours, 24 minutes
    Est Delivered Bugs (B)  1
    Cyclomatic Complexity   13
    Maintainability (MI)    99

 Segment     Used  Free
-----------  ----  ----
00000-00003     4  0  
00004-007FF   560  1484  
00800-00FFF     0  2048  
01000-017FF     0  2048  
01800-01FFF     0  2048  



